# JRE version: OpenJDK Runtime Environment Temurin-17.0.9+9 (17.0.9+9) (build 17.0.9+9)
# Java VM: OpenJDK 64-Bit Server VM Temurin-17.0.9+9 (17.0.9+9, mixed mode, tiered, compressed oops, compressed class ptrs, parallel gc, windows-amd64)
GC Precious Log:
 CPUs: 4 total, 4 available
 Memory: 8135M
 Large Page Support: Disabled
 NUMA Support: Disabled
 Compressed Oops: Enabled (32-bit)
 Alignments: Space 512K, Generation 512K, Heap 2M
 Heap Min Capacity: 100M
 Heap Initial Capacity: 100M
 Heap Max Capacity: 1G
 Pre-touch: Disabled
 Parallel Workers: 4
Heap:
 PSYoungGen      total 43520K, used 10754K [0x00000000eab00000, 0x00000000ee880000, 0x0000000100000000)
  eden space 32256K, 0% used [0x00000000eab00000,0x00000000eab00000,0x00000000eca80000)
  from space 11264K, 95% used [0x00000000ecb00000,0x00000000ed580b30,0x00000000ed600000)
  to   space 15360K, 0% used [0x00000000ed980000,0x00000000ed980000,0x00000000ee880000)
 ParOldGen       total 315392K, used 308428K [0x00000000c0000000, 0x00000000d3400000, 0x00000000eab00000)
  object space 315392K, 97% used [0x00000000c0000000,0x00000000d2d330c8,0x00000000d3400000)
 Metaspace       used 86682K, committed 88000K, reserved 1179648K
  class space    used 8690K, committed 9280K, reserved 1048576K
GC Heap History (20 events):
Event: 1405.395 GC heap after
{Heap after GC invocations=382 (full 21):
 PSYoungGen      total 60928K, used 16883K [0x00000000eab00000, 0x00000000efd80000, 0x0000000100000000)
  eden space 44032K, 0% used [0x00000000eab00000,0x00000000eab00000,0x00000000ed600000)
  from space 16896K, 99% used [0x00000000ee900000,0x00000000ef97cfb8,0x00000000ef980000)
  to   space 19456K, 0% used [0x00000000ed600000,0x00000000ed600000,0x00000000ee900000)
 ParOldGen       total 315392K, used 262877K [0x00000000c0000000, 0x00000000d3400000, 0x00000000eab00000)
  object space 315392K, 83% used [0x00000000c0000000,0x00000000d00b7410,0x00000000d3400000)
 Metaspace       used 86300K, committed 87552K, reserved 1179648K
  class space    used 8670K, committed 9280K, reserved 1048576K
}
Event: 1476.032 GC heap before
{Heap before GC invocations=383 (full 21):
 PSYoungGen      total 60928K, used 60915K [0x00000000eab00000, 0x00000000efd80000, 0x0000000100000000)
  eden space 44032K, 100% used [0x00000000eab00000,0x00000000ed600000,0x00000000ed600000)
  from space 16896K, 99% used [0x00000000ee900000,0x00000000ef97cfb8,0x00000000ef980000)
  to   space 19456K, 0% used [0x00000000ed600000,0x00000000ed600000,0x00000000ee900000)
 ParOldGen       total 315392K, used 262877K [0x00000000c0000000, 0x00000000d3400000, 0x00000000eab00000)
  object space 315392K, 83% used [0x00000000c0000000,0x00000000d00b7410,0x00000000d3400000)
 Metaspace       used 86358K, committed 87616K, reserved 1179648K
  class space    used 8672K, committed 9280K, reserved 1048576K
}
Event: 1476.051 GC heap after
{Heap after GC invocations=383 (full 21):
 PSYoungGen      total 61952K, used 18427K [0x00000000eab00000, 0x00000000efa80000, 0x0000000100000000)
  eden space 43520K, 0% used [0x00000000eab00000,0x00000000eab00000,0x00000000ed580000)
  from space 18432K, 99% used [0x00000000ed600000,0x00000000ee7fede8,0x00000000ee800000)
  to   space 18944K, 0% used [0x00000000ee800000,0x00000000ee800000,0x00000000efa80000)
 ParOldGen       total 315392K, used 262885K [0x00000000c0000000, 0x00000000d3400000, 0x00000000eab00000)
  object space 315392K, 83% used [0x00000000c0000000,0x00000000d00b9410,0x00000000d3400000)
 Metaspace       used 86358K, committed 87616K, reserved 1179648K
  class space    used 8672K, committed 9280K, reserved 1048576K
}
Event: 1510.037 GC heap before
{Heap before GC invocations=384 (full 21):
 PSYoungGen      total 61952K, used 61947K [0x00000000eab00000, 0x00000000efa80000, 0x0000000100000000)
  eden space 43520K, 100% used [0x00000000eab00000,0x00000000ed580000,0x00000000ed580000)
  from space 18432K, 99% used [0x00000000ed600000,0x00000000ee7fede8,0x00000000ee800000)
  to   space 18944K, 0% used [0x00000000ee800000,0x00000000ee800000,0x00000000efa80000)
 ParOldGen       total 315392K, used 262885K [0x00000000c0000000, 0x00000000d3400000, 0x00000000eab00000)
  object space 315392K, 83% used [0x00000000c0000000,0x00000000d00b9410,0x00000000d3400000)
 Metaspace       used 86371K, committed 87616K, reserved 1179648K
  class space    used 8672K, committed 9280K, reserved 1048576K
}
Event: 1510.055 GC heap after
{Heap after GC invocations=384 (full 21):
 PSYoungGen      total 61440K, used 18939K [0x00000000eab00000, 0x00000000efc00000, 0x0000000100000000)
  eden space 42496K, 0% used [0x00000000eab00000,0x00000000eab00000,0x00000000ed480000)
  from space 18944K, 99% used [0x00000000ee800000,0x00000000efa7ed40,0x00000000efa80000)
  to   space 19968K, 0% used [0x00000000ed480000,0x00000000ed480000,0x00000000ee800000)
 ParOldGen       total 315392K, used 263440K [0x00000000c0000000, 0x00000000d3400000, 0x00000000eab00000)
  object space 315392K, 83% used [0x00000000c0000000,0x00000000d01443d8,0x00000000d3400000)
 Metaspace       used 86371K, committed 87616K, reserved 1179648K
  class space    used 8672K, committed 9280K, reserved 1048576K
}
Event: 1514.340 GC heap before
{Heap before GC invocations=385 (full 21):
 PSYoungGen      total 61440K, used 61435K [0x00000000eab00000, 0x00000000efc00000, 0x0000000100000000)
  eden space 42496K, 100% used [0x00000000eab00000,0x00000000ed480000,0x00000000ed480000)
  from space 18944K, 99% used [0x00000000ee800000,0x00000000efa7ed40,0x00000000efa80000)
  to   space 19968K, 0% used [0x00000000ed480000,0x00000000ed480000,0x00000000ee800000)
 ParOldGen       total 315392K, used 263440K [0x00000000c0000000, 0x00000000d3400000, 0x00000000eab00000)
  object space 315392K, 83% used [0x00000000c0000000,0x00000000d01443d8,0x00000000d3400000)
 Metaspace       used 86395K, committed 87680K, reserved 1179648K
  class space    used 8672K, committed 9280K, reserved 1048576K
}
Event: 1514.371 GC heap after
{Heap after GC invocations=385 (full 21):
 PSYoungGen      total 61952K, used 19954K [0x00000000eab00000, 0x00000000f1400000, 0x0000000100000000)
  eden space 41984K, 0% used [0x00000000eab00000,0x00000000eab00000,0x00000000ed400000)
  from space 19968K, 99% used [0x00000000ed480000,0x00000000ee7fc9b8,0x00000000ee800000)
  to   space 32768K, 0% used [0x00000000ef400000,0x00000000ef400000,0x00000000f1400000)
 ParOldGen       total 315392K, used 273891K [0x00000000c0000000, 0x00000000d3400000, 0x00000000eab00000)
  object space 315392K, 86% used [0x00000000c0000000,0x00000000d0b78d20,0x00000000d3400000)
 Metaspace       used 86395K, committed 87680K, reserved 1179648K
  class space    used 8672K, committed 9280K, reserved 1048576K
}
Event: 1525.307 GC heap before
{Heap before GC invocations=386 (full 21):
 PSYoungGen      total 61952K, used 61938K [0x00000000eab00000, 0x00000000f1400000, 0x0000000100000000)
  eden space 41984K, 100% used [0x00000000eab00000,0x00000000ed400000,0x00000000ed400000)
  from space 19968K, 99% used [0x00000000ed480000,0x00000000ee7fc9b8,0x00000000ee800000)
  to   space 32768K, 0% used [0x00000000ef400000,0x00000000ef400000,0x00000000f1400000)
 ParOldGen       total 315392K, used 273891K [0x00000000c0000000, 0x00000000d3400000, 0x00000000eab00000)
  object space 315392K, 86% used [0x00000000c0000000,0x00000000d0b78d20,0x00000000d3400000)
 Metaspace       used 86502K, committed 87744K, reserved 1179648K
  class space    used 8682K, committed 9280K, reserved 1048576K
}
Event: 1525.332 GC heap after
{Heap after GC invocations=386 (full 21):
 PSYoungGen      total 59392K, used 17869K [0x00000000eab00000, 0x00000000f0580000, 0x0000000100000000)
  eden space 41472K, 0% used [0x00000000eab00000,0x00000000eab00000,0x00000000ed380000)
  from space 17920K, 99% used [0x00000000ef400000,0x00000000f0573400,0x00000000f0580000)
  to   space 22528K, 0% used [0x00000000ed980000,0x00000000ed980000,0x00000000eef80000)
 ParOldGen       total 315392K, used 279778K [0x00000000c0000000, 0x00000000d3400000, 0x00000000eab00000)
  object space 315392K, 88% used [0x00000000c0000000,0x00000000d1138928,0x00000000d3400000)
 Metaspace       used 86502K, committed 87744K, reserved 1179648K
  class space    used 8682K, committed 9280K, reserved 1048576K
}
Event: 1526.836 GC heap before
{Heap before GC invocations=387 (full 21):
 PSYoungGen      total 59392K, used 59341K [0x00000000eab00000, 0x00000000f0580000, 0x0000000100000000)
  eden space 41472K, 100% used [0x00000000eab00000,0x00000000ed380000,0x00000000ed380000)
  from space 17920K, 99% used [0x00000000ef400000,0x00000000f0573400,0x00000000f0580000)
  to   space 22528K, 0% used [0x00000000ed980000,0x00000000ed980000,0x00000000eef80000)
 ParOldGen       total 315392K, used 279778K [0x00000000c0000000, 0x00000000d3400000, 0x00000000eab00000)
  object space 315392K, 88% used [0x00000000c0000000,0x00000000d1138928,0x00000000d3400000)
 Metaspace       used 86557K, committed 87808K, reserved 1179648K
  class space    used 8687K, committed 9280K, reserved 1048576K
}
Event: 1526.858 GC heap after
{Heap after GC invocations=387 (full 21):
 PSYoungGen      total 58880K, used 17455K [0x00000000eab00000, 0x00000000ef700000, 0x0000000100000000)
  eden space 40960K, 0% used [0x00000000eab00000,0x00000000eab00000,0x00000000ed300000)
  from space 17920K, 97% used [0x00000000ed980000,0x00000000eea8bcd0,0x00000000eeb00000)
  to   space 12288K, 0% used [0x00000000eeb00000,0x00000000eeb00000,0x00000000ef700000)
 ParOldGen       total 315392K, used 279778K [0x00000000c0000000, 0x00000000d3400000, 0x00000000eab00000)
  object space 315392K, 88% used [0x00000000c0000000,0x00000000d1138928,0x00000000d3400000)
 Metaspace       used 86557K, committed 87808K, reserved 1179648K
  class space    used 8687K, committed 9280K, reserved 1048576K
}
Event: 1550.410 GC heap before
{Heap before GC invocations=388 (full 21):
 PSYoungGen      total 58880K, used 58415K [0x00000000eab00000, 0x00000000ef700000, 0x0000000100000000)
  eden space 40960K, 100% used [0x00000000eab00000,0x00000000ed300000,0x00000000ed300000)
  from space 17920K, 97% used [0x00000000ed980000,0x00000000eea8bcd0,0x00000000eeb00000)
  to   space 12288K, 0% used [0x00000000eeb00000,0x00000000eeb00000,0x00000000ef700000)
 ParOldGen       total 315392K, used 279778K [0x00000000c0000000, 0x00000000d3400000, 0x00000000eab00000)
  object space 315392K, 88% used [0x00000000c0000000,0x00000000d1138928,0x00000000d3400000)
 Metaspace       used 86612K, committed 87872K, reserved 1179648K
  class space    used 8690K, committed 9280K, reserved 1048576K
}
Event: 1550.441 GC heap after
{Heap after GC invocations=388 (full 21):
 PSYoungGen      total 49152K, used 12267K [0x00000000eab00000, 0x00000000f0a80000, 0x0000000100000000)
  eden space 36864K, 0% used [0x00000000eab00000,0x00000000eab00000,0x00000000ecf00000)
  from space 12288K, 99% used [0x00000000eeb00000,0x00000000ef6fafa8,0x00000000ef700000)
  to   space 28672K, 0% used [0x00000000ecf00000,0x00000000ecf00000,0x00000000eeb00000)
 ParOldGen       total 315392K, used 294189K [0x00000000c0000000, 0x00000000d3400000, 0x00000000eab00000)
  object space 315392K, 93% used [0x00000000c0000000,0x00000000d1f4b5e8,0x00000000d3400000)
 Metaspace       used 86612K, committed 87872K, reserved 1179648K
  class space    used 8690K, committed 9280K, reserved 1048576K
}
Event: 1552.168 GC heap before
{Heap before GC invocations=389 (full 21):
 PSYoungGen      total 49152K, used 49131K [0x00000000eab00000, 0x00000000f0a80000, 0x0000000100000000)
  eden space 36864K, 100% used [0x00000000eab00000,0x00000000ecf00000,0x00000000ecf00000)
  from space 12288K, 99% used [0x00000000eeb00000,0x00000000ef6fafa8,0x00000000ef700000)
  to   space 28672K, 0% used [0x00000000ecf00000,0x00000000ecf00000,0x00000000eeb00000)
 ParOldGen       total 315392K, used 294189K [0x00000000c0000000, 0x00000000d3400000, 0x00000000eab00000)
  object space 315392K, 93% used [0x00000000c0000000,0x00000000d1f4b5e8,0x00000000d3400000)
 Metaspace       used 86656K, committed 87936K, reserved 1179648K
  class space    used 8690K, committed 9280K, reserved 1048576K
}
Event: 1552.189 GC heap after
{Heap after GC invocations=389 (full 21):
 PSYoungGen      total 52736K, used 16135K [0x00000000eab00000, 0x00000000ef580000, 0x0000000100000000)
  eden space 36352K, 0% used [0x00000000eab00000,0x00000000eab00000,0x00000000ece80000)
  from space 16384K, 98% used [0x00000000ecf00000,0x00000000edec1c80,0x00000000edf00000)
  to   space 19968K, 0% used [0x00000000ee200000,0x00000000ee200000,0x00000000ef580000)
 ParOldGen       total 315392K, used 296498K [0x00000000c0000000, 0x00000000d3400000, 0x00000000eab00000)
  object space 315392K, 94% used [0x00000000c0000000,0x00000000d218c818,0x00000000d3400000)
 Metaspace       used 86656K, committed 87936K, reserved 1179648K
  class space    used 8690K, committed 9280K, reserved 1048576K
}
Event: 1552.756 GC heap before
{Heap before GC invocations=390 (full 21):
 PSYoungGen      total 52736K, used 52487K [0x00000000eab00000, 0x00000000ef580000, 0x0000000100000000)
  eden space 36352K, 100% used [0x00000000eab00000,0x00000000ece80000,0x00000000ece80000)
  from space 16384K, 98% used [0x00000000ecf00000,0x00000000edec1c80,0x00000000edf00000)
  to   space 19968K, 0% used [0x00000000ee200000,0x00000000ee200000,0x00000000ef580000)
 ParOldGen       total 315392K, used 296498K [0x00000000c0000000, 0x00000000d3400000, 0x00000000eab00000)
  object space 315392K, 94% used [0x00000000c0000000,0x00000000d218c818,0x00000000d3400000)
 Metaspace       used 86675K, committed 87936K, reserved 1179648K
  class space    used 8690K, committed 9280K, reserved 1048576K
}
Event: 1552.779 GC heap after
{Heap after GC invocations=390 (full 21):
 PSYoungGen      total 52736K, used 19946K [0x00000000eab00000, 0x00000000efc00000, 0x0000000100000000)
  eden space 32768K, 0% used [0x00000000eab00000,0x00000000eab00000,0x00000000ecb00000)
  from space 19968K, 99% used [0x00000000ee200000,0x00000000ef57ab50,0x00000000ef580000)
  to   space 23552K, 0% used [0x00000000ecb00000,0x00000000ecb00000,0x00000000ee200000)
 ParOldGen       total 315392K, used 298658K [0x00000000c0000000, 0x00000000d3400000, 0x00000000eab00000)
  object space 315392K, 94% used [0x00000000c0000000,0x00000000d23a8818,0x00000000d3400000)
 Metaspace       used 86675K, committed 87936K, reserved 1179648K
  class space    used 8690K, committed 9280K, reserved 1048576K
}
Event: 1553.289 GC heap before
{Heap before GC invocations=391 (full 21):
 PSYoungGen      total 52736K, used 52714K [0x00000000eab00000, 0x00000000efc00000, 0x0000000100000000)
  eden space 32768K, 100% used [0x00000000eab00000,0x00000000ecb00000,0x00000000ecb00000)
  from space 19968K, 99% used [0x00000000ee200000,0x00000000ef57ab50,0x00000000ef580000)
  to   space 23552K, 0% used [0x00000000ecb00000,0x00000000ecb00000,0x00000000ee200000)
 ParOldGen       total 315392K, used 298658K [0x00000000c0000000, 0x00000000d3400000, 0x00000000eab00000)
  object space 315392K, 94% used [0x00000000c0000000,0x00000000d23a8818,0x00000000d3400000)
 Metaspace       used 86682K, committed 88000K, reserved 1179648K
  class space    used 8690K, committed 9280K, reserved 1048576K
}
Event: 1553.317 GC heap after
{Heap after GC invocations=391 (full 21):
 PSYoungGen      total 43520K, used 10754K [0x00000000eab00000, 0x00000000ee880000, 0x0000000100000000)
  eden space 32256K, 0% used [0x00000000eab00000,0x00000000eab00000,0x00000000eca80000)
  from space 11264K, 95% used [0x00000000ecb00000,0x00000000ed580b30,0x00000000ed600000)
  to   space 15360K, 0% used [0x00000000ed980000,0x00000000ed980000,0x00000000ee880000)
 ParOldGen       total 315392K, used 308428K [0x00000000c0000000, 0x00000000d3400000, 0x00000000eab00000)
  object space 315392K, 97% used [0x00000000c0000000,0x00000000d2d330c8,0x00000000d3400000)
 Metaspace       used 86682K, committed 88000K, reserved 1179648K
  class space    used 8690K, committed 9280K, reserved 1048576K
}
Event: 1553.317 GC heap before
{Heap before GC invocations=392 (full 22):
 PSYoungGen      total 43520K, used 10754K [0x00000000eab00000, 0x00000000ee880000, 0x0000000100000000)
  eden space 32256K, 0% used [0x00000000eab00000,0x00000000eab00000,0x00000000eca80000)
  from space 11264K, 95% used [0x00000000ecb00000,0x00000000ed580b30,0x00000000ed600000)
  to   space 15360K, 0% used [0x00000000ed980000,0x00000000ed980000,0x00000000ee880000)
 ParOldGen       total 315392K, used 308428K [0x00000000c0000000, 0x00000000d3400000, 0x00000000eab00000)
  object space 315392K, 97% used [0x00000000c0000000,0x00000000d2d330c8,0x00000000d3400000)
 Metaspace       used 86682K, committed 88000K, reserved 1179648K
  class space    used 8690K, committed 9280K, reserved 1048576K
}

